[24-Mar-2017 19:50:55 UTC] PHP Parse error:  syntax error, unexpected '$i' (T_VARIABLE) in /home/ubuntu/workspace/Team Project/Component Selection/cpuSelect.php on line 16
[24-Mar-2017 19:51:14 UTC] PHP Parse error:  syntax error, unexpected '}' in /home/ubuntu/workspace/Team Project/Component Selection/cpuSelect.php on line 24
[24-Mar-2017 19:51:31 UTC] PHP Warning:  require_once(/Team Project/connection.php): failed to open stream: No such file or directory in /home/ubuntu/workspace/Team Project/Component Selection/cpuSelect.php on line 2
[24-Mar-2017 19:51:31 UTC] PHP Stack trace:
[24-Mar-2017 19:51:31 UTC] PHP   1. {main}() /home/ubuntu/workspace/Team Project/Component Selection/cpuSelect.php:0
[24-Mar-2017 19:51:31 UTC] PHP Fatal error:  require_once(): Failed opening required '/Team Project/connection.php' (include_path='.:/usr/share/php:/usr/share/pear') in /home/ubuntu/workspace/Team Project/Component Selection/cpuSelect.php on line 2
[24-Mar-2017 19:51:31 UTC] PHP Stack trace:
[24-Mar-2017 19:51:31 UTC] PHP   1. {main}() /home/ubuntu/workspace/Team Project/Component Selection/cpuSelect.php:0
[24-Mar-2017 20:53:50 UTC] PHP Warning:  require_once(/Team Project/connection.php): failed to open stream: No such file or directory in /home/ubuntu/workspace/Team Project/Component Selection/motherboardSelect.php on line 2
[24-Mar-2017 20:53:50 UTC] PHP Stack trace:
[24-Mar-2017 20:53:50 UTC] PHP   1. {main}() /home/ubuntu/workspace/Team Project/Component Selection/motherboardSelect.php:0
[24-Mar-2017 20:53:50 UTC] PHP Fatal error:  require_once(): Failed opening required '/Team Project/connection.php' (include_path='.:/usr/share/php:/usr/share/pear') in /home/ubuntu/workspace/Team Project/Component Selection/motherboardSelect.php on line 2
[24-Mar-2017 20:53:50 UTC] PHP Stack trace:
[24-Mar-2017 20:53:50 UTC] PHP   1. {main}() /home/ubuntu/workspace/Team Project/Component Selection/motherboardSelect.php:0
[24-Mar-2017 21:03:45 UTC] PHP Parse error:  syntax error, unexpected 'header' (T_STRING) in /home/ubuntu/workspace/Team Project/Component Selection Data/cpuSelectData.php on line 9
[24-Mar-2017 21:16:34 UTC] PHP Warning:  require_once(/Team Project/connection.php): failed to open stream: No such file or directory in /home/ubuntu/workspace/Team Project/Component Selection/motherboardSelect.php on line 2
[24-Mar-2017 21:16:34 UTC] PHP Stack trace:
[24-Mar-2017 21:16:34 UTC] PHP   1. {main}() /home/ubuntu/workspace/Team Project/Component Selection/motherboardSelect.php:0
[24-Mar-2017 21:16:34 UTC] PHP Fatal error:  require_once(): Failed opening required '/Team Project/connection.php' (include_path='.:/usr/share/php:/usr/share/pear') in /home/ubuntu/workspace/Team Project/Component Selection/motherboardSelect.php on line 2
[24-Mar-2017 21:16:34 UTC] PHP Stack trace:
[24-Mar-2017 21:16:34 UTC] PHP   1. {main}() /home/ubuntu/workspace/Team Project/Component Selection/motherboardSelect.php:0
[24-Mar-2017 22:37:17 UTC] PHP Warning:  require_once(/Team Project/connection.php): failed to open stream: No such file or directory in /home/ubuntu/workspace/Team Project/Component Selection/ramSelect.php on line 2
[24-Mar-2017 22:37:17 UTC] PHP Stack trace:
[24-Mar-2017 22:37:17 UTC] PHP   1. {main}() /home/ubuntu/workspace/Team Project/Component Selection/ramSelect.php:0
[24-Mar-2017 22:37:17 UTC] PHP Fatal error:  require_once(): Failed opening required '/Team Project/connection.php' (include_path='.:/usr/share/php:/usr/share/pear') in /home/ubuntu/workspace/Team Project/Component Selection/ramSelect.php on line 2
[24-Mar-2017 22:37:17 UTC] PHP Stack trace:
[24-Mar-2017 22:37:17 UTC] PHP   1. {main}() /home/ubuntu/workspace/Team Project/Component Selection/ramSelect.php:0
[24-Mar-2017 23:44:29 UTC] PHP Warning:  require_once(/Team Project/connection.php): failed to open stream: No such file or directory in /home/ubuntu/workspace/Team Project/Component Selection/motherboardSelect.php on line 2
[24-Mar-2017 23:44:29 UTC] PHP Stack trace:
[24-Mar-2017 23:44:29 UTC] PHP   1. {main}() /home/ubuntu/workspace/Team Project/Component Selection/motherboardSelect.php:0
[24-Mar-2017 23:44:29 UTC] PHP Fatal error:  require_once(): Failed opening required '/Team Project/connection.php' (include_path='.:/usr/share/php:/usr/share/pear') in /home/ubuntu/workspace/Team Project/Component Selection/motherboardSelect.php on line 2
[24-Mar-2017 23:44:29 UTC] PHP Stack trace:
[24-Mar-2017 23:44:29 UTC] PHP   1. {main}() /home/ubuntu/workspace/Team Project/Component Selection/motherboardSelect.php:0
[24-Mar-2017 23:49:02 UTC] PHP Warning:  require_once(/Team Project/connection.php): failed to open stream: No such file or directory in /home/ubuntu/workspace/Team Project/Component Selection/motherboardSelect.php on line 2
[24-Mar-2017 23:49:02 UTC] PHP Stack trace:
[24-Mar-2017 23:49:02 UTC] PHP   1. {main}() /home/ubuntu/workspace/Team Project/Component Selection/motherboardSelect.php:0
[24-Mar-2017 23:49:02 UTC] PHP Fatal error:  require_once(): Failed opening required '/Team Project/connection.php' (include_path='.:/usr/share/php:/usr/share/pear') in /home/ubuntu/workspace/Team Project/Component Selection/motherboardSelect.php on line 2
[24-Mar-2017 23:49:02 UTC] PHP Stack trace:
[24-Mar-2017 23:49:02 UTC] PHP   1. {main}() /home/ubuntu/workspace/Team Project/Component Selection/motherboardSelect.php:0
[25-Mar-2017 00:01:07 UTC] PHP Warning:  require_once(/Team Project/connection.php): failed to open stream: No such file or directory in /home/ubuntu/workspace/Team Project/Component Selection/motherboardSelect.php on line 2
[25-Mar-2017 00:01:07 UTC] PHP Stack trace:
[25-Mar-2017 00:01:07 UTC] PHP   1. {main}() /home/ubuntu/workspace/Team Project/Component Selection/motherboardSelect.php:0
[25-Mar-2017 00:01:07 UTC] PHP Fatal error:  require_once(): Failed opening required '/Team Project/connection.php' (include_path='.:/usr/share/php:/usr/share/pear') in /home/ubuntu/workspace/Team Project/Component Selection/motherboardSelect.php on line 2
[25-Mar-2017 00:01:07 UTC] PHP Stack trace:
[25-Mar-2017 00:01:07 UTC] PHP   1. {main}() /home/ubuntu/workspace/Team Project/Component Selection/motherboardSelect.php:0
[25-Mar-2017 00:15:47 UTC] PHP Warning:  require_once(/Team Project/connection.php): failed to open stream: No such file or directory in /home/ubuntu/workspace/Team Project/Component Selection/ramSelect.php on line 2
[25-Mar-2017 00:15:47 UTC] PHP Stack trace:
[25-Mar-2017 00:15:47 UTC] PHP   1. {main}() /home/ubuntu/workspace/Team Project/Component Selection/ramSelect.php:0
[25-Mar-2017 00:15:47 UTC] PHP Fatal error:  require_once(): Failed opening required '/Team Project/connection.php' (include_path='.:/usr/share/php:/usr/share/pear') in /home/ubuntu/workspace/Team Project/Component Selection/ramSelect.php on line 2
[25-Mar-2017 00:15:47 UTC] PHP Stack trace:
[25-Mar-2017 00:15:47 UTC] PHP   1. {main}() /home/ubuntu/workspace/Team Project/Component Selection/ramSelect.php:0
[25-Mar-2017 00:15:48 UTC] PHP Warning:  require_once(/Team Project/connection.php): failed to open stream: No such file or directory in /home/ubuntu/workspace/Team Project/Component Selection/motherboardSelect.php on line 2
[25-Mar-2017 00:15:48 UTC] PHP Stack trace:
[25-Mar-2017 00:15:48 UTC] PHP   1. {main}() /home/ubuntu/workspace/Team Project/Component Selection/motherboardSelect.php:0
[25-Mar-2017 00:15:48 UTC] PHP Fatal error:  require_once(): Failed opening required '/Team Project/connection.php' (include_path='.:/usr/share/php:/usr/share/pear') in /home/ubuntu/workspace/Team Project/Component Selection/motherboardSelect.php on line 2
[25-Mar-2017 00:15:48 UTC] PHP Stack trace:
[25-Mar-2017 00:15:48 UTC] PHP   1. {main}() /home/ubuntu/workspace/Team Project/Component Selection/motherboardSelect.php:0
[25-Mar-2017 00:56:20 UTC] PHP Warning:  require_once(/Team Project/connection.php): failed to open stream: No such file or directory in /home/ubuntu/workspace/Team Project/Component Selection/ramSelect.php on line 2
[25-Mar-2017 00:56:20 UTC] PHP Stack trace:
[25-Mar-2017 00:56:20 UTC] PHP   1. {main}() /home/ubuntu/workspace/Team Project/Component Selection/ramSelect.php:0
[25-Mar-2017 00:56:20 UTC] PHP Fatal error:  require_once(): Failed opening required '/Team Project/connection.php' (include_path='.:/usr/share/php:/usr/share/pear') in /home/ubuntu/workspace/Team Project/Component Selection/ramSelect.php on line 2
[25-Mar-2017 00:56:20 UTC] PHP Stack trace:
[25-Mar-2017 00:56:20 UTC] PHP   1. {main}() /home/ubuntu/workspace/Team Project/Component Selection/ramSelect.php:0
[25-Mar-2017 00:56:22 UTC] PHP Warning:  require_once(/Team Project/connection.php): failed to open stream: No such file or directory in /home/ubuntu/workspace/Team Project/Component Selection/motherboardSelect.php on line 2
[25-Mar-2017 00:56:22 UTC] PHP Stack trace:
[25-Mar-2017 00:56:22 UTC] PHP   1. {main}() /home/ubuntu/workspace/Team Project/Component Selection/motherboardSelect.php:0
[25-Mar-2017 00:56:22 UTC] PHP Fatal error:  require_once(): Failed opening required '/Team Project/connection.php' (include_path='.:/usr/share/php:/usr/share/pear') in /home/ubuntu/workspace/Team Project/Component Selection/motherboardSelect.php on line 2
[25-Mar-2017 00:56:22 UTC] PHP Stack trace:
[25-Mar-2017 00:56:22 UTC] PHP   1. {main}() /home/ubuntu/workspace/Team Project/Component Selection/motherboardSelect.php:0
[25-Mar-2017 00:56:24 UTC] PHP Warning:  require_once(/Team Project/connection.php): failed to open stream: No such file or directory in /home/ubuntu/workspace/Team Project/Component Selection/gpuSelect.php on line 2
[25-Mar-2017 00:56:24 UTC] PHP Stack trace:
[25-Mar-2017 00:56:24 UTC] PHP   1. {main}() /home/ubuntu/workspace/Team Project/Component Selection/gpuSelect.php:0
[25-Mar-2017 00:56:24 UTC] PHP Fatal error:  require_once(): Failed opening required '/Team Project/connection.php' (include_path='.:/usr/share/php:/usr/share/pear') in /home/ubuntu/workspace/Team Project/Component Selection/gpuSelect.php on line 2
[25-Mar-2017 00:56:24 UTC] PHP Stack trace:
[25-Mar-2017 00:56:24 UTC] PHP   1. {main}() /home/ubuntu/workspace/Team Project/Component Selection/gpuSelect.php:0
